2026-05-01 05:41:51,075 | INFO | Fitting claim feature engineer...
2026-05-01 05:41:53,305 | INFO | Fitting fraud feature engineer...
2026-05-01 05:41:53,552 | INFO | Saved transformer: claim_feature_engineer.pkl
2026-05-01 05:41:53,556 | INFO | Saved transformer: fraud_feature_engineer.pkl
2026-05-01 05:41:53,557 | INFO |   Claim features: (50000, 20)
2026-05-01 05:41:53,557 | INFO |   Fraud features: (50000, 12)
2026-05-01 05:41:54,287 | INFO | Training logistic | Train: 40,000 | Test: 10,000
2026-05-01 05:41:54,683 | INFO |   AUC-ROC: 0.5315
2026-05-01 05:42:03,339 | INFO |   CV AUC: 0.5358 ± 0.0025
2026-05-01 05:42:03,410 | INFO | Training xgboost | Train: 40,000 | Test: 10,000
2026-05-01 05:42:04,695 | INFO |   AUC-ROC: 0.5144
2026-05-01 05:42:12,642 | INFO |   CV AUC: 0.5196 ± 0.0033
2026-05-01 05:42:12,714 | INFO | Training lightgbm | Train: 40,000 | Test: 10,000
2026-05-01 05:42:14,425 | INFO |   AUC-ROC: 0.5140
2026-05-01 05:42:20,261 | INFO |   CV AUC: 0.5134 ± 0.0044
2026-05-01 05:42:20,582 | INFO | Training Isolation Forest on 50,000 samples...
2026-05-01 05:42:22,900 | INFO |   Anomalies detected: 2,500 (5.0%)
2026-05-01 05:42:22,900 | INFO | Training K-Means clustering on 50,000 samples...
2026-05-01 05:42:25,833 | INFO |   High-fraud clusters: [4]
2026-05-01 05:42:25,837 | INFO | Training supervised XGBoost | fraud rate: 4.98%
2026-05-01 05:42:27,442 | INFO |   Supervised AUC-ROC: 0.8309
2026-05-01 05:42:27,714 | INFO | CollaborativeFilter fitted | 10000 members × 4 plans | k=3
2026-05-01 05:42:27,733 | INFO | KNN fitted on 10,000 members with 6 features
2026-05-01 05:42:27,733 | INFO | HybridRecommender fitted.
